<?xml version="1.0" encoding="UTF-8"?>
<robot generator="Robot 6.1.1 (Python 3.12.0 on win32)" generated="20240116 11:51:03.712" rpa="false" schemaversion="4">
<suite id="s1" name="Cart" source="C:\Users\Alexandre Rodrigues\Downloads\robot-framework-petz-project\src\test\cart.robot">
<test id="s1-t1" name="Test Case 001: add products on the car - i must validate if product has added with success" line="14">
<kw name="Open Website" library="commom-resources" type="SETUP">
<kw name="Set Browser Timeout" library="Browser">
<arg>30</arg>
<tag>Config</tag>
<tag>Setter</tag>
<doc>Sets the timeout used by most input and getter keywords.</doc>
<status status="PASS" starttime="20240116 11:51:05.655" endtime="20240116 11:51:05.677"/>
</kw>
<kw name="New Persistent Context" library="Browser">
<arg>headless=false</arg>
<arg>ignoreHTTPSErrors=true</arg>
<arg>viewport={'width': 1920, 'height': 1080}</arg>
<doc>Open a new
[https://playwright.dev/docs/api/class-browsertype#browser-type-launch-persistent-context | persistent context].</doc>
<msg timestamp="20240116 11:51:05.678" level="INFO">{
  "userDataDir": "",
  "browser": "chromium",
  "headless": false,
  "acceptDownloads": true,
  "bypassCSP": false,
  "chromiumSandbox": false,
  "devtools": false,
  "forcedColors": "none",
  "handleSIGHUP": true,
  "handleSIGINT": true,
  "handleSIGTERM": true,
  "ignoreHTTPSErrors": true,
  "javaScriptEnabled": true,
  "offline": false,
  "reducedMotion": "no-preference",
  "serviceWorkers": "allow",
  "slowMo": 0.0,
  "timeout": 30000.0,
  "viewport": {
    "width": 1920,
    "height": 1080
  },
  "tracesDir": "C:\\Users\\Alexandre Rodrigues\\Downloads\\robot-framework-petz-project\\browser\\browser\\traces\\a7a4373d-58dc-4895-b11e-85333f3f7406"
}</msg>
<msg timestamp="20240116 11:51:07.185" level="INFO">Successfully created context. </msg>
<msg timestamp="20240116 11:51:07.185" level="INFO">{'userDataDir': '', 'browser': 'chromium', 'headless': False, 'acceptDownloads': True, 'bypassCSP': False, 'chromiumSandbox': False, 'devtools': False, 'forcedColors': 'none', 'handleSIGHUP': True, 'handleSIGINT': True, 'handleSIGTERM': True, 'ignoreHTTPSErrors': True, 'javaScriptEnabled': True, 'offline': False, 'reducedMotion': 'no-preference', 'serviceWorkers': 'allow', 'slowMo': 0, 'timeout': 30000, 'viewport': {'width': 1920, 'height': 1080}, 'tracesDir': 'C:\\Users\\Alexandre Rodrigues\\Downloads\\robot-framework-petz-project\\browser\\browser\\traces\\a7a4373d-58dc-4895-b11e-85333f3f7406'}</msg>
<status status="PASS" starttime="20240116 11:51:05.677" endtime="20240116 11:51:07.186"/>
</kw>
<kw name="Go To" library="Browser">
<arg>${url}</arg>
<tag>BrowserControl</tag>
<tag>Setter</tag>
<doc>Navigates to the given ``url``.</doc>
<msg timestamp="20240116 11:51:10.685" level="INFO">Successfully opened URL https://www.petz.com.br</msg>
<status status="PASS" starttime="20240116 11:51:07.186" endtime="20240116 11:51:10.685"/>
</kw>
<status status="PASS" starttime="20240116 11:51:05.655" endtime="20240116 11:51:10.686"/>
</kw>
<kw name="Given im on the site" library="base">
<arg>Pet Shop: Petz o maior pet shop do Brasil.</arg>
<kw name="Get Title" library="Browser">
<var>${title}</var>
<tag>Assertion</tag>
<tag>Getter</tag>
<tag>PageContent</tag>
<doc>Returns the title of the current page.</doc>
<msg timestamp="20240116 11:51:10.700" level="INFO">Title: 'Pet Shop: Petz o maior pet shop do Brasil.'</msg>
<msg timestamp="20240116 11:51:10.700" level="INFO">${title} = Pet Shop: Petz o maior pet shop do Brasil.</msg>
<status status="PASS" starttime="20240116 11:51:10.686" endtime="20240116 11:51:10.700"/>
</kw>
<kw name="Should Be Equal As Strings" library="BuiltIn">
<arg>${title}</arg>
<arg>${siteTitle}</arg>
<doc>Fails if objects are unequal after converting them to strings.</doc>
<status status="PASS" starttime="20240116 11:51:10.701" endtime="20240116 11:51:10.701"/>
</kw>
<kw name="Click" library="Browser">
<arg>${closePopup}</arg>
<tag>PageContent</tag>
<tag>Setter</tag>
<doc>Simulates mouse click on the element found by ``selector``.</doc>
<status status="PASS" starttime="20240116 11:51:10.701" endtime="20240116 11:51:10.793"/>
</kw>
<status status="PASS" starttime="20240116 11:51:10.686" endtime="20240116 11:51:10.793"/>
</kw>
<kw name="When in the search bar i search a product" library="base">
<arg>Areia Higiênica Petz Grãos Finos para Gatos</arg>
<kw name="Validate and Fill Text" library="base">
<arg>${searchBar}</arg>
<arg>${product}</arg>
<kw name="Wait For Elements State" library="Browser">
<arg>${selector}</arg>
<arg>timeout=30 s</arg>
<tag>PageContent</tag>
<tag>Wait</tag>
<doc>Waits for the element found by ``selector`` to satisfy state option.</doc>
<msg timestamp="20240116 11:51:10.841" level="INFO">Waited for Element with selector //input[@class="ptz-input ptz-input-md ptz-input-with-icon-right ptz-input-with-icon-md ptz-input-with-icon ptz-input-boxed ptz-input-boxed-md ptz-input-boxed-resting"] at state visible</msg>
<status status="PASS" starttime="20240116 11:51:10.834" endtime="20240116 11:51:10.842"/>
</kw>
<kw name="Fill Text" library="Browser">
<arg>${selector}</arg>
<arg>${text}</arg>
<tag>PageContent</tag>
<tag>Setter</tag>
<doc>Clears and fills the given ``txt`` into the text field found by ``selector``.</doc>
<msg timestamp="20240116 11:51:10.842" level="INFO">Fills the text 'Areia Higiênica Petz Grãos Finos para Gatos' in the given field.</msg>
<status status="PASS" starttime="20240116 11:51:10.842" endtime="20240116 11:51:10.903"/>
</kw>
<status status="PASS" starttime="20240116 11:51:10.833" endtime="20240116 11:51:10.903"/>
</kw>
<kw name="Click" library="Browser">
<arg>${searchBarButton}</arg>
<tag>PageContent</tag>
<tag>Setter</tag>
<doc>Simulates mouse click on the element found by ``selector``.</doc>
<status status="PASS" starttime="20240116 11:51:10.903" endtime="20240116 11:51:12.685"/>
</kw>
<status status="PASS" starttime="20240116 11:51:10.793" endtime="20240116 11:51:12.685"/>
</kw>
<kw name="And click on the product and add it to the cart" library="cart">
<kw name="Wait For Elements State" library="Browser">
<arg>${validateProduct}</arg>
<tag>PageContent</tag>
<tag>Wait</tag>
<doc>Waits for the element found by ``selector`` to satisfy state option.</doc>
<msg timestamp="20240116 11:51:13.250" level="INFO">Waited for Element with selector //h1[@itemprop='name'] at state visible</msg>
<status status="PASS" starttime="20240116 11:51:12.686" endtime="20240116 11:51:13.250"/>
</kw>
<kw name="Click" library="Browser">
<arg>${addProductOnTheCar}</arg>
<tag>PageContent</tag>
<tag>Setter</tag>
<doc>Simulates mouse click on the element found by ``selector``.</doc>
<status status="PASS" starttime="20240116 11:51:13.250" endtime="20240116 11:51:14.475"/>
</kw>
<status status="PASS" starttime="20240116 11:51:12.685" endtime="20240116 11:51:14.475"/>
</kw>
<kw name="Then i must validate if product has added with success" library="cart">
<kw name="Wait For Elements State" library="Browser">
<arg>${cartValidate}</arg>
<tag>PageContent</tag>
<tag>Wait</tag>
<doc>Waits for the element found by ``selector`` to satisfy state option.</doc>
<msg timestamp="20240116 11:51:16.392" level="INFO">Waited for Element with selector //h1[@class="title"] at state visible</msg>
<status status="PASS" starttime="20240116 11:51:14.476" endtime="20240116 11:51:16.392"/>
</kw>
<kw name="Wait For Elements State" library="Browser">
<arg>${productValidateOnTheCar}</arg>
<tag>PageContent</tag>
<tag>Wait</tag>
<doc>Waits for the element found by ``selector`` to satisfy state option.</doc>
<msg timestamp="20240116 11:51:16.429" level="INFO">Waited for Element with selector (//div[contains(.,'Areia Higiênica Petz Grãos Finos para Gatos')])[14] at state visible</msg>
<status status="PASS" starttime="20240116 11:51:16.392" endtime="20240116 11:51:16.429"/>
</kw>
<status status="PASS" starttime="20240116 11:51:14.476" endtime="20240116 11:51:16.429"/>
</kw>
<kw name="Close Website" library="commom-resources" type="TEARDOWN">
<kw name="Take Screenshot" library="Browser">
<tag>PageContent</tag>
<doc>Takes a screenshot of the current window or element and saves it to disk.</doc>
<msg timestamp="20240116 11:51:16.603" level="INFO" html="true">&lt;/td&gt;&lt;/tr&gt;&lt;tr&gt;&lt;td colspan="3"&gt;&lt;a href="browser/screenshot/robotframework-browser-screenshot-1.png" target="_blank"&gt;&lt;img src="browser/screenshot/robotframework-browser-screenshot-1.png" width="800px"/&gt;&lt;/a&gt;</msg>
<status status="PASS" starttime="20240116 11:51:16.430" endtime="20240116 11:51:16.603"/>
</kw>
<kw name="Close Browser" library="Browser">
<tag>BrowserControl</tag>
<tag>Setter</tag>
<doc>Closes the current browser.</doc>
<msg timestamp="20240116 11:51:16.970" level="INFO">Closed browser</msg>
<status status="PASS" starttime="20240116 11:51:16.604" endtime="20240116 11:51:16.970"/>
</kw>
<status status="PASS" starttime="20240116 11:51:16.430" endtime="20240116 11:51:16.970"/>
</kw>
<doc>This test validates whether the product was
added successfully in the site: petz.com.br</doc>
<tag>success</tag>
<status status="PASS" starttime="20240116 11:51:05.652" endtime="20240116 11:51:16.970"/>
</test>
<test id="s1-t2" name="Test Case 002: add products on the car - click in payments" line="24">
<kw name="Open Website" library="commom-resources" type="SETUP">
<kw name="Set Browser Timeout" library="Browser">
<arg>30</arg>
<tag>Config</tag>
<tag>Setter</tag>
<doc>Sets the timeout used by most input and getter keywords.</doc>
<status status="PASS" starttime="20240116 11:51:16.977" endtime="20240116 11:51:16.977"/>
</kw>
<kw name="New Persistent Context" library="Browser">
<arg>headless=false</arg>
<arg>ignoreHTTPSErrors=true</arg>
<arg>viewport={'width': 1920, 'height': 1080}</arg>
<doc>Open a new
[https://playwright.dev/docs/api/class-browsertype#browser-type-launch-persistent-context | persistent context].</doc>
<msg timestamp="20240116 11:51:16.978" level="INFO">{
  "userDataDir": "",
  "browser": "chromium",
  "headless": false,
  "acceptDownloads": true,
  "bypassCSP": false,
  "chromiumSandbox": false,
  "devtools": false,
  "forcedColors": "none",
  "handleSIGHUP": true,
  "handleSIGINT": true,
  "handleSIGTERM": true,
  "ignoreHTTPSErrors": true,
  "javaScriptEnabled": true,
  "offline": false,
  "reducedMotion": "no-preference",
  "serviceWorkers": "allow",
  "slowMo": 0.0,
  "timeout": 30000.0,
  "viewport": {
    "width": 1920,
    "height": 1080
  },
  "tracesDir": "C:\\Users\\Alexandre Rodrigues\\Downloads\\robot-framework-petz-project\\browser\\browser\\traces\\edac5331-9d6c-448b-a45d-db0a0597d19e"
}</msg>
<msg timestamp="20240116 11:51:17.606" level="INFO">Successfully created context. </msg>
<msg timestamp="20240116 11:51:17.606" level="INFO">{'userDataDir': '', 'browser': 'chromium', 'headless': False, 'acceptDownloads': True, 'bypassCSP': False, 'chromiumSandbox': False, 'devtools': False, 'forcedColors': 'none', 'handleSIGHUP': True, 'handleSIGINT': True, 'handleSIGTERM': True, 'ignoreHTTPSErrors': True, 'javaScriptEnabled': True, 'offline': False, 'reducedMotion': 'no-preference', 'serviceWorkers': 'allow', 'slowMo': 0, 'timeout': 30000, 'viewport': {'width': 1920, 'height': 1080}, 'tracesDir': 'C:\\Users\\Alexandre Rodrigues\\Downloads\\robot-framework-petz-project\\browser\\browser\\traces\\edac5331-9d6c-448b-a45d-db0a0597d19e'}</msg>
<status status="PASS" starttime="20240116 11:51:16.977" endtime="20240116 11:51:17.606"/>
</kw>
<kw name="Go To" library="Browser">
<arg>${url}</arg>
<tag>BrowserControl</tag>
<tag>Setter</tag>
<doc>Navigates to the given ``url``.</doc>
<msg timestamp="20240116 11:51:21.468" level="INFO">Successfully opened URL https://www.petz.com.br</msg>
<status status="PASS" starttime="20240116 11:51:17.606" endtime="20240116 11:51:21.469"/>
</kw>
<status status="PASS" starttime="20240116 11:51:16.976" endtime="20240116 11:51:21.469"/>
</kw>
<kw name="Given im on the site" library="base">
<arg>Pet Shop: Petz o maior pet shop do Brasil.</arg>
<kw name="Get Title" library="Browser">
<var>${title}</var>
<tag>Assertion</tag>
<tag>Getter</tag>
<tag>PageContent</tag>
<doc>Returns the title of the current page.</doc>
<msg timestamp="20240116 11:51:21.492" level="INFO">Title: 'Pet Shop: Petz o maior pet shop do Brasil.'</msg>
<msg timestamp="20240116 11:51:21.492" level="INFO">${title} = Pet Shop: Petz o maior pet shop do Brasil.</msg>
<status status="PASS" starttime="20240116 11:51:21.470" endtime="20240116 11:51:21.492"/>
</kw>
<kw name="Should Be Equal As Strings" library="BuiltIn">
<arg>${title}</arg>
<arg>${siteTitle}</arg>
<doc>Fails if objects are unequal after converting them to strings.</doc>
<status status="PASS" starttime="20240116 11:51:21.493" endtime="20240116 11:51:21.493"/>
</kw>
<kw name="Click" library="Browser">
<arg>${closePopup}</arg>
<tag>PageContent</tag>
<tag>Setter</tag>
<doc>Simulates mouse click on the element found by ``selector``.</doc>
<msg timestamp="20240116 11:51:51.789" level="INFO" html="true">&lt;/td&gt;&lt;/tr&gt;&lt;tr&gt;&lt;td colspan="3"&gt;&lt;a href="browser/screenshot/fail-screenshot-1.png" target="_blank"&gt;&lt;img src="browser/screenshot/fail-screenshot-1.png" width="800px"/&gt;&lt;/a&gt;</msg>
<msg timestamp="20240116 11:51:51.789" level="INFO">See also file:///C:/Users/Alexandre%20Rodrigues/Downloads/robot-framework-petz-project/browser/playwright-log.txt for additional details.</msg>
<msg timestamp="20240116 11:51:51.789" level="FAIL">Error: locator.click: Timeout 30000ms exceeded.
Call log:
  [2m- waiting for locator('//button[@class="ab-close-button"]')[22m

Tip: Use "Set Browser Timeout" for increasing the timeout or double check your locator as the targeted element(s) couldn't be found.</msg>
<status status="FAIL" starttime="20240116 11:51:21.493" endtime="20240116 11:51:51.864"/>
</kw>
<status status="FAIL" starttime="20240116 11:51:21.469" endtime="20240116 11:51:51.864"/>
</kw>
<kw name="When in the search bar i search a product" library="base">
<arg>Areia Higiênica Petz Grãos Finos para Gatos</arg>
<status status="NOT RUN" starttime="20240116 11:51:51.865" endtime="20240116 11:51:51.865"/>
</kw>
<kw name="And click on the product and add it to the cart" library="cart">
<status status="NOT RUN" starttime="20240116 11:51:51.865" endtime="20240116 11:51:51.865"/>
</kw>
<kw name="And fill the CEP" library="cart">
<arg>01502-001</arg>
<status status="NOT RUN" starttime="20240116 11:51:51.865" endtime="20240116 11:51:51.865"/>
</kw>
<kw name="Then choose the shipping type and click on payments" library="cart">
<status status="NOT RUN" starttime="20240116 11:51:51.865" endtime="20240116 11:51:51.865"/>
</kw>
<kw name="Close Website" library="commom-resources" type="TEARDOWN">
<kw name="Take Screenshot" library="Browser">
<tag>PageContent</tag>
<doc>Takes a screenshot of the current window or element and saves it to disk.</doc>
<msg timestamp="20240116 11:51:52.142" level="INFO" html="true">&lt;/td&gt;&lt;/tr&gt;&lt;tr&gt;&lt;td colspan="3"&gt;&lt;a href="browser/screenshot/robotframework-browser-screenshot-2.png" target="_blank"&gt;&lt;img src="browser/screenshot/robotframework-browser-screenshot-2.png" width="800px"/&gt;&lt;/a&gt;</msg>
<status status="PASS" starttime="20240116 11:51:51.866" endtime="20240116 11:51:52.143"/>
</kw>
<kw name="Close Browser" library="Browser">
<tag>BrowserControl</tag>
<tag>Setter</tag>
<doc>Closes the current browser.</doc>
<msg timestamp="20240116 11:51:52.386" level="INFO">Closed browser</msg>
<status status="PASS" starttime="20240116 11:51:52.143" endtime="20240116 11:51:52.386"/>
</kw>
<status status="PASS" starttime="20240116 11:51:51.866" endtime="20240116 11:51:52.386"/>
</kw>
<doc>This test make a click in the
payments in the site: petz.com.br</doc>
<tag>success</tag>
<status status="FAIL" starttime="20240116 11:51:16.973" endtime="20240116 11:51:52.387">Error: locator.click: Timeout 30000ms exceeded.
Call log:
  [2m- waiting for locator('//button[@class="ab-close-button"]')[22m

Tip: Use "Set Browser Timeout" for increasing the timeout or double check your locator as the targeted element(s) couldn't be found.</status>
</test>
<test id="s1-t3" name="Test Case 003: add products on the car - remove products" line="34">
<kw name="Open Website" library="commom-resources" type="SETUP">
<kw name="Set Browser Timeout" library="Browser">
<arg>30</arg>
<tag>Config</tag>
<tag>Setter</tag>
<doc>Sets the timeout used by most input and getter keywords.</doc>
<status status="PASS" starttime="20240116 11:51:52.391" endtime="20240116 11:51:52.391"/>
</kw>
<kw name="New Persistent Context" library="Browser">
<arg>headless=false</arg>
<arg>ignoreHTTPSErrors=true</arg>
<arg>viewport={'width': 1920, 'height': 1080}</arg>
<doc>Open a new
[https://playwright.dev/docs/api/class-browsertype#browser-type-launch-persistent-context | persistent context].</doc>
<msg timestamp="20240116 11:51:52.392" level="INFO">{
  "userDataDir": "",
  "browser": "chromium",
  "headless": false,
  "acceptDownloads": true,
  "bypassCSP": false,
  "chromiumSandbox": false,
  "devtools": false,
  "forcedColors": "none",
  "handleSIGHUP": true,
  "handleSIGINT": true,
  "handleSIGTERM": true,
  "ignoreHTTPSErrors": true,
  "javaScriptEnabled": true,
  "offline": false,
  "reducedMotion": "no-preference",
  "serviceWorkers": "allow",
  "slowMo": 0.0,
  "timeout": 30000.0,
  "viewport": {
    "width": 1920,
    "height": 1080
  },
  "tracesDir": "C:\\Users\\Alexandre Rodrigues\\Downloads\\robot-framework-petz-project\\browser\\browser\\traces\\e70282c2-415f-441a-96ff-b3d6a34e3fbd"
}</msg>
<msg timestamp="20240116 11:51:52.785" level="INFO">Successfully created context. </msg>
<msg timestamp="20240116 11:51:52.785" level="INFO">{'userDataDir': '', 'browser': 'chromium', 'headless': False, 'acceptDownloads': True, 'bypassCSP': False, 'chromiumSandbox': False, 'devtools': False, 'forcedColors': 'none', 'handleSIGHUP': True, 'handleSIGINT': True, 'handleSIGTERM': True, 'ignoreHTTPSErrors': True, 'javaScriptEnabled': True, 'offline': False, 'reducedMotion': 'no-preference', 'serviceWorkers': 'allow', 'slowMo': 0, 'timeout': 30000, 'viewport': {'width': 1920, 'height': 1080}, 'tracesDir': 'C:\\Users\\Alexandre Rodrigues\\Downloads\\robot-framework-petz-project\\browser\\browser\\traces\\e70282c2-415f-441a-96ff-b3d6a34e3fbd'}</msg>
<status status="PASS" starttime="20240116 11:51:52.391" endtime="20240116 11:51:52.785"/>
</kw>
<kw name="Go To" library="Browser">
<arg>${url}</arg>
<tag>BrowserControl</tag>
<tag>Setter</tag>
<doc>Navigates to the given ``url``.</doc>
<msg timestamp="20240116 11:51:56.954" level="INFO">Successfully opened URL https://www.petz.com.br</msg>
<status status="PASS" starttime="20240116 11:51:52.785" endtime="20240116 11:51:56.954"/>
</kw>
<status status="PASS" starttime="20240116 11:51:52.390" endtime="20240116 11:51:56.954"/>
</kw>
<kw name="Given im on the site" library="base">
<arg>Pet Shop: Petz o maior pet shop do Brasil.</arg>
<kw name="Get Title" library="Browser">
<var>${title}</var>
<tag>Assertion</tag>
<tag>Getter</tag>
<tag>PageContent</tag>
<doc>Returns the title of the current page.</doc>
<msg timestamp="20240116 11:51:56.975" level="INFO">Title: 'Pet Shop: Petz o maior pet shop do Brasil.'</msg>
<msg timestamp="20240116 11:51:56.975" level="INFO">${title} = Pet Shop: Petz o maior pet shop do Brasil.</msg>
<status status="PASS" starttime="20240116 11:51:56.955" endtime="20240116 11:51:56.975"/>
</kw>
<kw name="Should Be Equal As Strings" library="BuiltIn">
<arg>${title}</arg>
<arg>${siteTitle}</arg>
<doc>Fails if objects are unequal after converting them to strings.</doc>
<status status="PASS" starttime="20240116 11:51:56.975" endtime="20240116 11:51:56.976"/>
</kw>
<kw name="Click" library="Browser">
<arg>${closePopup}</arg>
<tag>PageContent</tag>
<tag>Setter</tag>
<doc>Simulates mouse click on the element found by ``selector``.</doc>
<status status="PASS" starttime="20240116 11:51:56.976" endtime="20240116 11:51:57.087"/>
</kw>
<status status="PASS" starttime="20240116 11:51:56.955" endtime="20240116 11:51:57.087"/>
</kw>
<kw name="When in the search bar i search a product" library="base">
<arg>Areia Higiênica Petz Grãos Finos para Gatos</arg>
<kw name="Validate and Fill Text" library="base">
<arg>${searchBar}</arg>
<arg>${product}</arg>
<kw name="Wait For Elements State" library="Browser">
<arg>${selector}</arg>
<arg>timeout=30 s</arg>
<tag>PageContent</tag>
<tag>Wait</tag>
<doc>Waits for the element found by ``selector`` to satisfy state option.</doc>
<msg timestamp="20240116 11:51:57.101" level="INFO">Waited for Element with selector //input[@class="ptz-input ptz-input-md ptz-input-with-icon-right ptz-input-with-icon-md ptz-input-with-icon ptz-input-boxed ptz-input-boxed-md ptz-input-boxed-resting"] at state visible</msg>
<status status="PASS" starttime="20240116 11:51:57.088" endtime="20240116 11:51:57.101"/>
</kw>
<kw name="Fill Text" library="Browser">
<arg>${selector}</arg>
<arg>${text}</arg>
<tag>PageContent</tag>
<tag>Setter</tag>
<doc>Clears and fills the given ``txt`` into the text field found by ``selector``.</doc>
<msg timestamp="20240116 11:51:57.102" level="INFO">Fills the text 'Areia Higiênica Petz Grãos Finos para Gatos' in the given field.</msg>
<status status="PASS" starttime="20240116 11:51:57.101" endtime="20240116 11:51:57.159"/>
</kw>
<status status="PASS" starttime="20240116 11:51:57.088" endtime="20240116 11:51:57.160"/>
</kw>
<kw name="Click" library="Browser">
<arg>${searchBarButton}</arg>
<tag>PageContent</tag>
<tag>Setter</tag>
<doc>Simulates mouse click on the element found by ``selector``.</doc>
<status status="PASS" starttime="20240116 11:51:57.160" endtime="20240116 11:51:58.725"/>
</kw>
<status status="PASS" starttime="20240116 11:51:57.088" endtime="20240116 11:51:58.725"/>
</kw>
<kw name="And click on the product and add it to the cart" library="cart">
<kw name="Wait For Elements State" library="Browser">
<arg>${validateProduct}</arg>
<tag>PageContent</tag>
<tag>Wait</tag>
<doc>Waits for the element found by ``selector`` to satisfy state option.</doc>
<msg timestamp="20240116 11:51:59.204" level="INFO">Waited for Element with selector //h1[@itemprop='name'] at state visible</msg>
<status status="PASS" starttime="20240116 11:51:58.726" endtime="20240116 11:51:59.204"/>
</kw>
<kw name="Click" library="Browser">
<arg>${addProductOnTheCar}</arg>
<tag>PageContent</tag>
<tag>Setter</tag>
<doc>Simulates mouse click on the element found by ``selector``.</doc>
<status status="PASS" starttime="20240116 11:51:59.204" endtime="20240116 11:52:00.649"/>
</kw>
<status status="PASS" starttime="20240116 11:51:58.726" endtime="20240116 11:52:00.649"/>
</kw>
<kw name="Then i remove product of the cart and validate cart" library="cart">
<kw name="Click" library="Browser">
<arg>${removeProduct}</arg>
<tag>PageContent</tag>
<tag>Setter</tag>
<doc>Simulates mouse click on the element found by ``selector``.</doc>
<status status="PASS" starttime="20240116 11:52:00.650" endtime="20240116 11:52:02.521"/>
</kw>
<kw name="Click" library="Browser">
<arg>${confirmRemoveAlert}</arg>
<tag>PageContent</tag>
<tag>Setter</tag>
<doc>Simulates mouse click on the element found by ``selector``.</doc>
<status status="PASS" starttime="20240116 11:52:02.521" endtime="20240116 11:52:02.564"/>
</kw>
<kw name="Wait For Elements State" library="Browser">
<arg>${validateEmptyCart}</arg>
<tag>PageContent</tag>
<tag>Wait</tag>
<doc>Waits for the element found by ``selector`` to satisfy state option.</doc>
<msg timestamp="20240116 11:52:02.907" level="INFO">Waited for Element with selector //h1[contains(.,'Sua sacola está vazia')] at state visible</msg>
<status status="PASS" starttime="20240116 11:52:02.564" endtime="20240116 11:52:02.907"/>
</kw>
<kw name="Sleep" library="BuiltIn">
<arg>10</arg>
<doc>Pauses the test executed for the given time.</doc>
<msg timestamp="20240116 11:52:12.908" level="INFO">Slept 10 seconds</msg>
<status status="PASS" starttime="20240116 11:52:02.907" endtime="20240116 11:52:12.908"/>
</kw>
<status status="PASS" starttime="20240116 11:52:00.650" endtime="20240116 11:52:12.908"/>
</kw>
<kw name="Close Website" library="commom-resources" type="TEARDOWN">
<kw name="Take Screenshot" library="Browser">
<tag>PageContent</tag>
<doc>Takes a screenshot of the current window or element and saves it to disk.</doc>
<msg timestamp="20240116 11:52:13.039" level="INFO" html="true">&lt;/td&gt;&lt;/tr&gt;&lt;tr&gt;&lt;td colspan="3"&gt;&lt;a href="browser/screenshot/robotframework-browser-screenshot-3.png" target="_blank"&gt;&lt;img src="browser/screenshot/robotframework-browser-screenshot-3.png" width="800px"/&gt;&lt;/a&gt;</msg>
<status status="PASS" starttime="20240116 11:52:12.909" endtime="20240116 11:52:13.039"/>
</kw>
<kw name="Close Browser" library="Browser">
<tag>BrowserControl</tag>
<tag>Setter</tag>
<doc>Closes the current browser.</doc>
<msg timestamp="20240116 11:52:13.369" level="INFO">Closed browser</msg>
<status status="PASS" starttime="20240116 11:52:13.040" endtime="20240116 11:52:13.369"/>
</kw>
<status status="PASS" starttime="20240116 11:52:12.908" endtime="20240116 11:52:13.369"/>
</kw>
<doc>This test add and remove product of the car
in the site: petz.com.br</doc>
<tag>success</tag>
<status status="PASS" starttime="20240116 11:51:52.389" endtime="20240116 11:52:13.369"/>
</test>
<status status="FAIL" starttime="20240116 11:51:03.714" endtime="20240116 11:52:13.371"/>
</suite>
<statistics>
<total>
<stat pass="2" fail="1" skip="0">All Tests</stat>
</total>
<tag>
<stat pass="2" fail="1" skip="0">success</stat>
</tag>
<suite>
<stat pass="2" fail="1" skip="0" id="s1" name="Cart">Cart</stat>
</suite>
</statistics>
<errors>
</errors>
</robot>
